<?xml version="1.0" encoding="UTF-8"?>
<testng-results ignored="0" total="1" passed="1" failed="0" skipped="0">
  <reporter-output>
  </reporter-output>
  <suite started-at="2025-08-18T14:08:43 IST" name="Surefire suite" finished-at="2025-08-18T14:08:54 IST" duration-ms="10843">
    <groups>
    </groups>
    <test started-at="2025-08-18T14:08:43 IST" name="Surefire test" finished-at="2025-08-18T14:08:54 IST" duration-ms="10843">
      <class name="testpackage.Test1">
        <test-method signature="a()[pri:0, instance:testpackage.Test1@59717824]" started-at="2025-08-18T14:08:43 IST" name="a" finished-at="2025-08-18T14:08:54 IST" duration-ms="10739" status="PASS">
          <reporter-output>
          </reporter-output>
        </test-method> <!-- a -->
      </class> <!-- testpackage.Test1 -->
    </test> <!-- Surefire test -->
  </suite> <!-- Surefire suite -->
</testng-results>
